<?xml version="1.0" encoding="UTF-8"?>
<!-- Generated by org.testng.reporters.JUnitXMLReporter -->
<testsuite ignored="0" hostname="DESKTOP-VURRA98" failures="0" tests="6" name="Admin scenario_1" time="66.465" errors="0" timestamp="2022-10-28T18:44:33 IST">
  <testcase classname="com.mk.qa.testcases.testcase" name="collegelinkclicking" time="17.167"/>
  <testcase classname="com.mk.qa.testcases.testcase" name="validations" time="0.766"/>
  <testcase classname="com.mk.qa.testcases.testcase" name="delete" time="0.651"/>
  <testcase classname="com.mk.qa.testcases.scenario2testcase" name="beforeupdatestudentmarks" time="14.324"/>
  <testcase classname="com.mk.qa.testcases.scenario2testcase" name="adminupdatestudentmarks" time="4.716"/>
  <testcase classname="com.mk.qa.testcases.scenario2testcase" name="afterstudentmarksupdate" time="12.195"/>
</testsuite> <!-- Admin scenario_1 -->
