<?xml version="1.0" encoding="UTF-8"?>
<testng-results ignored="0" total="6" passed="6" failed="0" skipped="0">
  <reporter-output>
  </reporter-output>
  <suite started-at="2022-10-28T18:43:27 IST" name="Suite" finished-at="2022-10-28T18:44:33 IST" duration-ms="66465">
    <groups>
    </groups>
    <test started-at="2022-10-28T18:43:27 IST" name="Admin scenario_1" finished-at="2022-10-28T18:44:33 IST" duration-ms="66465">
      <class name="com.mk.qa.testcases.testcase">
        <test-method is-config="true" signature="setup()[pri:0, instance:com.mk.qa.testcases.testcase@498d318c]" started-at="2022-10-28T18:43:27 IST" name="setup" finished-at="2022-10-28T18:43:32 IST" duration-ms="4548" status="PASS">
          <reporter-output>
          </reporter-output>
        </test-method> <!-- setup -->
        <test-method signature="collegelinkclicking()[pri:1, instance:com.mk.qa.testcases.testcase@498d318c]" started-at="2022-10-28T18:43:32 IST" name="collegelinkclicking" finished-at="2022-10-28T18:43:49 IST" duration-ms="17167" status="PASS">
          <reporter-output>
          </reporter-output>
        </test-method> <!-- collegelinkclicking -->
        <test-method is-config="true" signature="result()[pri:0, instance:com.mk.qa.testcases.testcase@498d318c]" started-at="2022-10-28T18:43:49 IST" name="result" finished-at="2022-10-28T18:43:50 IST" duration-ms="929" status="PASS">
          <reporter-output>
          </reporter-output>
        </test-method> <!-- result -->
        <test-method is-config="true" signature="setup()[pri:0, instance:com.mk.qa.testcases.testcase@498d318c]" started-at="2022-10-28T18:43:50 IST" name="setup" finished-at="2022-10-28T18:43:52 IST" duration-ms="2738" status="PASS">
          <reporter-output>
          </reporter-output>
        </test-method> <!-- setup -->
        <test-method signature="validations()[pri:2, instance:com.mk.qa.testcases.testcase@498d318c]" started-at="2022-10-28T18:43:52 IST" name="validations" finished-at="2022-10-28T18:43:53 IST" duration-ms="766" status="PASS">
          <reporter-output>
          </reporter-output>
        </test-method> <!-- validations -->
        <test-method is-config="true" signature="result()[pri:0, instance:com.mk.qa.testcases.testcase@498d318c]" started-at="2022-10-28T18:43:53 IST" name="result" finished-at="2022-10-28T18:43:54 IST" duration-ms="585" status="PASS">
          <reporter-output>
          </reporter-output>
        </test-method> <!-- result -->
        <test-method is-config="true" signature="setup()[pri:0, instance:com.mk.qa.testcases.testcase@498d318c]" started-at="2022-10-28T18:43:54 IST" name="setup" finished-at="2022-10-28T18:43:57 IST" duration-ms="2999" status="PASS">
          <reporter-output>
          </reporter-output>
        </test-method> <!-- setup -->
        <test-method signature="delete()[pri:0, instance:com.mk.qa.testcases.testcase@498d318c]" started-at="2022-10-28T18:43:57 IST" name="delete" finished-at="2022-10-28T18:43:57 IST" depends-on-methods="com.mk.qa.testcases.testcase.validations" duration-ms="651" status="PASS">
          <reporter-output>
          </reporter-output>
        </test-method> <!-- delete -->
        <test-method is-config="true" signature="result()[pri:0, instance:com.mk.qa.testcases.testcase@498d318c]" started-at="2022-10-28T18:43:57 IST" name="result" finished-at="2022-10-28T18:43:58 IST" duration-ms="916" status="PASS">
          <reporter-output>
          </reporter-output>
        </test-method> <!-- result -->
      </class> <!-- com.mk.qa.testcases.testcase -->
      <class name="com.mk.qa.testcases.scenario2testcase">
        <test-method is-config="true" signature="setup()[pri:0, instance:com.mk.qa.testcases.scenario2testcase@4fb61f4a]" started-at="2022-10-28T18:43:58 IST" name="setup" finished-at="2022-10-28T18:43:59 IST" duration-ms="987" status="PASS">
          <reporter-output>
          </reporter-output>
        </test-method> <!-- setup -->
        <test-method signature="beforeupdatestudentmarks()[pri:1, instance:com.mk.qa.testcases.scenario2testcase@4fb61f4a]" started-at="2022-10-28T18:43:59 IST" name="beforeupdatestudentmarks" finished-at="2022-10-28T18:44:14 IST" duration-ms="14324" status="PASS">
          <reporter-output>
          </reporter-output>
        </test-method> <!-- beforeupdatestudentmarks -->
        <test-method is-config="true" signature="result()[pri:0, instance:com.mk.qa.testcases.scenario2testcase@4fb61f4a]" started-at="2022-10-28T18:44:14 IST" name="result" finished-at="2022-10-28T18:44:14 IST" duration-ms="298" status="PASS">
          <reporter-output>
          </reporter-output>
        </test-method> <!-- result -->
        <test-method is-config="true" signature="setup()[pri:0, instance:com.mk.qa.testcases.scenario2testcase@4fb61f4a]" started-at="2022-10-28T18:44:14 IST" name="setup" finished-at="2022-10-28T18:44:15 IST" duration-ms="1150" status="PASS">
          <reporter-output>
          </reporter-output>
        </test-method> <!-- setup -->
        <test-method signature="adminupdatestudentmarks()[pri:2, instance:com.mk.qa.testcases.scenario2testcase@4fb61f4a]" started-at="2022-10-28T18:44:15 IST" name="adminupdatestudentmarks" finished-at="2022-10-28T18:44:20 IST" duration-ms="4716" status="PASS">
          <reporter-output>
          </reporter-output>
        </test-method> <!-- adminupdatestudentmarks -->
        <test-method is-config="true" signature="result()[pri:0, instance:com.mk.qa.testcases.scenario2testcase@4fb61f4a]" started-at="2022-10-28T18:44:20 IST" name="result" finished-at="2022-10-28T18:44:20 IST" duration-ms="192" status="PASS">
          <reporter-output>
          </reporter-output>
        </test-method> <!-- result -->
        <test-method is-config="true" signature="setup()[pri:0, instance:com.mk.qa.testcases.scenario2testcase@4fb61f4a]" started-at="2022-10-28T18:44:20 IST" name="setup" finished-at="2022-10-28T18:44:21 IST" duration-ms="1026" status="PASS">
          <reporter-output>
          </reporter-output>
        </test-method> <!-- setup -->
        <test-method signature="afterstudentmarksupdate()[pri:3, instance:com.mk.qa.testcases.scenario2testcase@4fb61f4a]" started-at="2022-10-28T18:44:21 IST" name="afterstudentmarksupdate" finished-at="2022-10-28T18:44:33 IST" depends-on-methods="com.mk.qa.testcases.scenario2testcase.adminupdatestudentmarks" duration-ms="12195" status="PASS">
          <reporter-output>
          </reporter-output>
        </test-method> <!-- afterstudentmarksupdate -->
        <test-method is-config="true" signature="result()[pri:0, instance:com.mk.qa.testcases.scenario2testcase@4fb61f4a]" started-at="2022-10-28T18:44:33 IST" name="result" finished-at="2022-10-28T18:44:33 IST" duration-ms="186" status="PASS">
          <reporter-output>
          </reporter-output>
        </test-method> <!-- result -->
      </class> <!-- com.mk.qa.testcases.scenario2testcase -->
    </test> <!-- Admin scenario_1 -->
  </suite> <!-- Suite -->
</testng-results>
