<?xml version="1.0" encoding="UTF-8"?>
<!-- Generated by org.testng.reporters.JUnitXMLReporter -->
<testsuite ignored="0" hostname="DESKTOP-VURRA98" failures="0" tests="3" name="Default test" time="30.832" errors="0" timestamp="2022-10-28T18:13:17 IST">
  <testcase classname="com.mk.qa.testcases.testcase" name="collegelinkclicking" time="14.137"/>
  <testcase classname="com.mk.qa.testcases.testcase" name="validations" time="1.065"/>
  <testcase classname="com.mk.qa.testcases.testcase" name="delete" time="0.936"/>
</testsuite> <!-- Default test -->
